running egg_info
writing ../build/wall_avoider/wall_avoider.egg-info/PKG-INFO
writing dependency_links to ../build/wall_avoider/wall_avoider.egg-info/dependency_links.txt
writing entry points to ../build/wall_avoider/wall_avoider.egg-info/entry_points.txt
writing requirements to ../build/wall_avoider/wall_avoider.egg-info/requires.txt
writing top-level names to ../build/wall_avoider/wall_avoider.egg-info/top_level.txt
reading manifest file '../build/wall_avoider/wall_avoider.egg-info/SOURCES.txt'
writing manifest file '../build/wall_avoider/wall_avoider.egg-info/SOURCES.txt'
running build
running build_py
copying wall_avoider/wall_avoider_node.py -> /ros2-webots-demos/simple-robot-sim/build/wall_avoider/build/lib/wall_avoider
running install
running install_lib
copying /ros2-webots-demos/simple-robot-sim/build/wall_avoider/build/lib/wall_avoider/wall_avoider_node.py -> /ros2-webots-demos/simple-robot-sim/install/wall_avoider/lib/python3.10/site-packages/wall_avoider
byte-compiling /ros2-webots-demos/simple-robot-sim/install/wall_avoider/lib/python3.10/site-packages/wall_avoider/wall_avoider_node.py to wall_avoider_node.cpython-310.pyc
running install_data
running install_egg_info
removing '/ros2-webots-demos/simple-robot-sim/install/wall_avoider/lib/python3.10/site-packages/wall_avoider-0.0.0-py3.10.egg-info' (and everything under it)
Copying ../build/wall_avoider/wall_avoider.egg-info to /ros2-webots-demos/simple-robot-sim/install/wall_avoider/lib/python3.10/site-packages/wall_avoider-0.0.0-py3.10.egg-info
running install_scripts
Installing wall_avoider_node script to /ros2-webots-demos/simple-robot-sim/install/wall_avoider/lib/wall_avoider
writing list of installed files to '/ros2-webots-demos/simple-robot-sim/build/wall_avoider/install.log'
