[1.073s] Invoking command in '/ros2-webots-demos/simple-robot-sim/wall_avoider': PYTHONPATH=/ros2-webots-demos/simple-robot-sim/build/wall_avoider/prefix_override:/usr/lib/python3/dist-packages/colcon_core/task/python/colcon_distutils_commands:/ros2-webots-demos/simple-robot-sim/install/wall_avoider/lib/python3.10/site-packages:${PYTHONPATH} /usr/bin/python3 -W ignore:setup.py install is deprecated -W ignore:easy_install command is deprecated setup.py egg_info --egg-base ../build/wall_avoider build --build-base /ros2-webots-demos/simple-robot-sim/build/wall_avoider/build install --record /ros2-webots-demos/simple-robot-sim/build/wall_avoider/install.log --single-version-externally-managed install_data
[1.467s] running egg_info
[1.470s] writing ../build/wall_avoider/wall_avoider.egg-info/PKG-INFO
[1.471s] writing dependency_links to ../build/wall_avoider/wall_avoider.egg-info/dependency_links.txt
[1.472s] writing entry points to ../build/wall_avoider/wall_avoider.egg-info/entry_points.txt
[1.473s] writing requirements to ../build/wall_avoider/wall_avoider.egg-info/requires.txt
[1.473s] writing top-level names to ../build/wall_avoider/wall_avoider.egg-info/top_level.txt
[1.476s] reading manifest file '../build/wall_avoider/wall_avoider.egg-info/SOURCES.txt'
[1.478s] writing manifest file '../build/wall_avoider/wall_avoider.egg-info/SOURCES.txt'
[1.480s] running build
[1.480s] running build_py
[1.482s] running install
[1.483s] running install_lib
[1.483s] running install_data
[1.483s] running install_egg_info
[1.485s] removing '/ros2-webots-demos/simple-robot-sim/install/wall_avoider/lib/python3.10/site-packages/wall_avoider-0.0.0-py3.10.egg-info' (and everything under it)
[1.487s] Copying ../build/wall_avoider/wall_avoider.egg-info to /ros2-webots-demos/simple-robot-sim/install/wall_avoider/lib/python3.10/site-packages/wall_avoider-0.0.0-py3.10.egg-info
[1.497s] running install_scripts
[1.535s] Installing wall_avoider_node script to /ros2-webots-demos/simple-robot-sim/install/wall_avoider/lib/wall_avoider
[1.540s] writing list of installed files to '/ros2-webots-demos/simple-robot-sim/build/wall_avoider/install.log'
[1.563s] Invoked command in '/ros2-webots-demos/simple-robot-sim/wall_avoider' returned '0': PYTHONPATH=/ros2-webots-demos/simple-robot-sim/build/wall_avoider/prefix_override:/usr/lib/python3/dist-packages/colcon_core/task/python/colcon_distutils_commands:/ros2-webots-demos/simple-robot-sim/install/wall_avoider/lib/python3.10/site-packages:${PYTHONPATH} /usr/bin/python3 -W ignore:setup.py install is deprecated -W ignore:easy_install command is deprecated setup.py egg_info --egg-base ../build/wall_avoider build --build-base /ros2-webots-demos/simple-robot-sim/build/wall_avoider/build install --record /ros2-webots-demos/simple-robot-sim/build/wall_avoider/install.log --single-version-externally-managed install_data
