[0.193s] DEBUG:colcon:Command line arguments: ['/usr/bin/colcon', 'build']
[0.194s] DEBUG:colcon:Parsed command line arguments: Namespace(log_base=None, log_level=None, verb_name='build', build_base='build', install_base='install', merge_install=False, symlink_install=False, test_result_base=None, continue_on_error=False, executor='parallel', parallel_workers=8, event_handlers=None, ignore_user_meta=False, metas=['./colcon.meta'], base_paths=['.'], packages_ignore=None, packages_ignore_regex=None, paths=None, packages_up_to=None, packages_up_to_regex=None, packages_above=None, packages_above_and_dependencies=None, packages_above_depth=None, packages_select_by_dep=None, packages_skip_by_dep=None, packages_skip_up_to=None, packages_select_build_failed=False, packages_skip_build_finished=False, packages_select_test_failures=False, packages_skip_test_passed=False, packages_select=None, packages_skip=None, packages_select_regex=None, packages_skip_regex=None, packages_start=None, packages_end=None, cmake_args=None, cmake_target=None, cmake_target_skip_unavailable=False, cmake_clean_cache=False, cmake_clean_first=False, cmake_force_configure=False, ament_cmake_args=None, catkin_cmake_args=None, catkin_skip_building_tests=False, mixin_files=None, mixin=None, verb_parser=<colcon_mixin.mixin.mixin_argument.MixinArgumentDecorator object at 0x7ffffe2034c0>, verb_extension=<colcon_core.verb.build.BuildVerb object at 0x7ffffe202ef0>, main=<bound method BuildVerb.main of <colcon_core.verb.build.BuildVerb object at 0x7ffffe202ef0>>, mixin_verb=('build',))
[0.354s] Level 1:colcon.colcon_core.package_discovery:discover_packages(colcon_meta) check parameters
[0.355s] INFO:colcon.colcon_metadata.package_discovery.colcon_meta:Using configuration from '/root/.colcon/metadata/default/Gazebo.meta'
[0.356s] INFO:colcon.colcon_metadata.package_discovery.colcon_meta:Using configuration from '/root/.colcon/metadata/default/fastdds.meta'
[0.357s] INFO:colcon.colcon_metadata.package_discovery.colcon_meta:Using configuration from '/root/.colcon/metadata/default/fastrtps.meta'
[0.357s] Level 1:colcon.colcon_core.package_discovery:discover_packages(recursive) check parameters
[0.357s] Level 1:colcon.colcon_core.package_discovery:discover_packages(ignore) check parameters
[0.357s] Level 1:colcon.colcon_core.package_discovery:discover_packages(path) check parameters
[0.357s] Level 1:colcon.colcon_core.package_discovery:discover_packages(colcon_meta) discover
[0.357s] Level 1:colcon.colcon_core.package_discovery:discover_packages(recursive) discover
[0.357s] INFO:colcon.colcon_core.package_discovery:Crawling recursively for packages in '/ros2-webots-demos/simple-robot-sim'
[0.358s] Level 1:colcon.colcon_core.package_identification:_identify(.) by extensions ['ignore', 'ignore_ament_install']
[0.359s] Level 1:colcon.colcon_core.package_identification:_identify(.) by extension 'ignore'
[0.359s] Level 1:colcon.colcon_core.package_identification:_identify(.) by extension 'ignore_ament_install'
[0.359s] Level 1:colcon.colcon_core.package_identification:_identify(.) by extensions ['colcon_pkg']
[0.359s] Level 1:colcon.colcon_core.package_identification:_identify(.) by extension 'colcon_pkg'
[0.360s] Level 1:colcon.colcon_core.package_identification:_identify(.) by extensions ['colcon_meta']
[0.360s] Level 1:colcon.colcon_core.package_identification:_identify(.) by extension 'colcon_meta'
[0.360s] Level 1:colcon.colcon_core.package_identification:_identify(.) by extensions ['ros']
[0.360s] Level 1:colcon.colcon_core.package_identification:_identify(.) by extension 'ros'
[0.374s] Level 1:colcon.colcon_core.package_identification:_identify(.) by extensions ['cmake', 'python']
[0.374s] Level 1:colcon.colcon_core.package_identification:_identify(.) by extension 'cmake'
[0.374s] Level 1:colcon.colcon_core.package_identification:_identify(.) by extension 'python'
[0.374s] Level 1:colcon.colcon_core.package_identification:_identify(.) by extensions ['python_setup_py']
[0.374s] Level 1:colcon.colcon_core.package_identification:_identify(.) by extension 'python_setup_py'
[0.375s] Level 1:colcon.colcon_core.package_identification:_identify(build) by extensions ['ignore', 'ignore_ament_install']
[0.375s] Level 1:colcon.colcon_core.package_identification:_identify(build) by extension 'ignore'
[0.375s] Level 1:colcon.colcon_core.package_identification:_identify(build) ignored
[0.376s] Level 1:colcon.colcon_core.package_identification:_identify(install) by extensions ['ignore', 'ignore_ament_install']
[0.376s] Level 1:colcon.colcon_core.package_identification:_identify(install) by extension 'ignore'
[0.376s] Level 1:colcon.colcon_core.package_identification:_identify(install) ignored
[0.377s] Level 1:colcon.colcon_core.package_identification:_identify(log) by extensions ['ignore', 'ignore_ament_install']
[0.377s] Level 1:colcon.colcon_core.package_identification:_identify(log) by extension 'ignore'
[0.377s] Level 1:colcon.colcon_core.package_identification:_identify(log) ignored
[0.377s] Level 1:colcon.colcon_core.package_identification:_identify(wall_avoider) by extensions ['ignore', 'ignore_ament_install']
[0.378s] Level 1:colcon.colcon_core.package_identification:_identify(wall_avoider) by extension 'ignore'
[0.378s] Level 1:colcon.colcon_core.package_identification:_identify(wall_avoider) by extension 'ignore_ament_install'
[0.378s] Level 1:colcon.colcon_core.package_identification:_identify(wall_avoider) by extensions ['colcon_pkg']
[0.378s] Level 1:colcon.colcon_core.package_identification:_identify(wall_avoider) by extension 'colcon_pkg'
[0.378s] Level 1:colcon.colcon_core.package_identification:_identify(wall_avoider) by extensions ['colcon_meta']
[0.378s] Level 1:colcon.colcon_core.package_identification:_identify(wall_avoider) by extension 'colcon_meta'
[0.378s] Level 1:colcon.colcon_core.package_identification:_identify(wall_avoider) by extensions ['ros']
[0.378s] Level 1:colcon.colcon_core.package_identification:_identify(wall_avoider) by extension 'ros'
[0.387s] DEBUG:colcon.colcon_core.package_identification:Package 'wall_avoider' with type 'ros.ament_python' and name 'wall_avoider'
[0.387s] Level 1:colcon.colcon_core.package_discovery:discover_packages(recursive) using defaults
[0.387s] Level 1:colcon.colcon_core.package_discovery:discover_packages(ignore) discover
[0.387s] Level 1:colcon.colcon_core.package_discovery:discover_packages(ignore) using defaults
[0.387s] Level 1:colcon.colcon_core.package_discovery:discover_packages(path) discover
[0.387s] Level 1:colcon.colcon_core.package_discovery:discover_packages(path) using defaults
[0.413s] Level 5:colcon.colcon_core.verb:set package 'wall_avoider' build argument 'cmake_args' from command line to 'None'
[0.413s] Level 5:colcon.colcon_core.verb:set package 'wall_avoider' build argument 'cmake_target' from command line to 'None'
[0.413s] Level 5:colcon.colcon_core.verb:set package 'wall_avoider' build argument 'cmake_target_skip_unavailable' from command line to 'False'
[0.413s] Level 5:colcon.colcon_core.verb:set package 'wall_avoider' build argument 'cmake_clean_cache' from command line to 'False'
[0.413s] Level 5:colcon.colcon_core.verb:set package 'wall_avoider' build argument 'cmake_clean_first' from command line to 'False'
[0.413s] Level 5:colcon.colcon_core.verb:set package 'wall_avoider' build argument 'cmake_force_configure' from command line to 'False'
[0.413s] Level 5:colcon.colcon_core.verb:set package 'wall_avoider' build argument 'ament_cmake_args' from command line to 'None'
[0.414s] Level 5:colcon.colcon_core.verb:set package 'wall_avoider' build argument 'catkin_cmake_args' from command line to 'None'
[0.414s] Level 5:colcon.colcon_core.verb:set package 'wall_avoider' build argument 'catkin_skip_building_tests' from command line to 'False'
[0.414s] DEBUG:colcon.colcon_core.verb:Building package 'wall_avoider' with the following arguments: {'ament_cmake_args': None, 'build_base': '/ros2-webots-demos/simple-robot-sim/build/wall_avoider', 'catkin_cmake_args': None, 'catkin_skip_building_tests': False, 'cmake_args': None, 'cmake_clean_cache': False, 'cmake_clean_first': False, 'cmake_force_configure': False, 'cmake_target': None, 'cmake_target_skip_unavailable': False, 'install_base': '/ros2-webots-demos/simple-robot-sim/install/wall_avoider', 'merge_install': False, 'path': '/ros2-webots-demos/simple-robot-sim/wall_avoider', 'symlink_install': False, 'test_result_base': None}
[0.414s] INFO:colcon.colcon_core.executor:Executing jobs using 'parallel' executor
[0.419s] DEBUG:colcon.colcon_parallel_executor.executor.parallel:run_until_complete
[0.420s] INFO:colcon.colcon_ros.task.ament_python.build:Building ROS package in '/ros2-webots-demos/simple-robot-sim/wall_avoider' with build type 'ament_python'
[0.420s] Level 1:colcon.colcon_core.shell:create_environment_hook('wall_avoider', 'ament_prefix_path')
[0.423s] INFO:colcon.colcon_core.plugin_system:Skipping extension 'colcon_core.shell.bat': Not used on non-Windows systems
[0.424s] INFO:colcon.colcon_core.shell:Creating environment hook '/ros2-webots-demos/simple-robot-sim/install/wall_avoider/share/wall_avoider/hook/ament_prefix_path.ps1'
[0.427s] INFO:colcon.colcon_core.shell:Creating environment descriptor '/ros2-webots-demos/simple-robot-sim/install/wall_avoider/share/wall_avoider/hook/ament_prefix_path.dsv'
[0.428s] INFO:colcon.colcon_core.shell:Creating environment hook '/ros2-webots-demos/simple-robot-sim/install/wall_avoider/share/wall_avoider/hook/ament_prefix_path.sh'
[0.430s] INFO:colcon.colcon_core.shell:Skip shell extension 'powershell' for command environment: Not usable outside of PowerShell
[0.430s] DEBUG:colcon.colcon_core.shell:Skip shell extension 'dsv' for command environment
[0.915s] INFO:colcon.colcon_core.task.python.build:Building Python package in '/ros2-webots-demos/simple-robot-sim/wall_avoider'
[0.916s] INFO:colcon.colcon_core.shell:Skip shell extension 'powershell' for command environment: Not usable outside of PowerShell
[0.916s] DEBUG:colcon.colcon_core.shell:Skip shell extension 'dsv' for command environment
[1.493s] DEBUG:colcon.colcon_core.event_handler.log_command:Invoking command in '/ros2-webots-demos/simple-robot-sim/wall_avoider': PYTHONPATH=/ros2-webots-demos/simple-robot-sim/build/wall_avoider/prefix_override:/usr/lib/python3/dist-packages/colcon_core/task/python/colcon_distutils_commands:/ros2-webots-demos/simple-robot-sim/install/wall_avoider/lib/python3.10/site-packages:${PYTHONPATH} /usr/bin/python3 -W ignore:setup.py install is deprecated -W ignore:easy_install command is deprecated setup.py egg_info --egg-base ../build/wall_avoider build --build-base /ros2-webots-demos/simple-robot-sim/build/wall_avoider/build install --record /ros2-webots-demos/simple-robot-sim/build/wall_avoider/install.log --single-version-externally-managed install_data
[1.986s] DEBUG:colcon.colcon_core.event_handler.log_command:Invoked command in '/ros2-webots-demos/simple-robot-sim/wall_avoider' returned '0': PYTHONPATH=/ros2-webots-demos/simple-robot-sim/build/wall_avoider/prefix_override:/usr/lib/python3/dist-packages/colcon_core/task/python/colcon_distutils_commands:/ros2-webots-demos/simple-robot-sim/install/wall_avoider/lib/python3.10/site-packages:${PYTHONPATH} /usr/bin/python3 -W ignore:setup.py install is deprecated -W ignore:easy_install command is deprecated setup.py egg_info --egg-base ../build/wall_avoider build --build-base /ros2-webots-demos/simple-robot-sim/build/wall_avoider/build install --record /ros2-webots-demos/simple-robot-sim/build/wall_avoider/install.log --single-version-externally-managed install_data
[1.989s] Level 1:colcon.colcon_core.environment:checking '/ros2-webots-demos/simple-robot-sim/install/wall_avoider' for CMake module files
[1.991s] Level 1:colcon.colcon_core.environment:checking '/ros2-webots-demos/simple-robot-sim/install/wall_avoider' for CMake config files
[1.996s] Level 1:colcon.colcon_core.environment:checking '/ros2-webots-demos/simple-robot-sim/install/wall_avoider/lib'
[1.997s] Level 1:colcon.colcon_core.environment:checking '/ros2-webots-demos/simple-robot-sim/install/wall_avoider/bin'
[1.997s] Level 1:colcon.colcon_core.environment:checking '/ros2-webots-demos/simple-robot-sim/install/wall_avoider/lib/pkgconfig/wall_avoider.pc'
[1.998s] Level 1:colcon.colcon_core.environment:checking '/ros2-webots-demos/simple-robot-sim/install/wall_avoider/lib/python3.10/site-packages'
[1.998s] Level 1:colcon.colcon_core.shell:create_environment_hook('wall_avoider', 'pythonpath')
[1.998s] INFO:colcon.colcon_core.shell:Creating environment hook '/ros2-webots-demos/simple-robot-sim/install/wall_avoider/share/wall_avoider/hook/pythonpath.ps1'
[2.000s] INFO:colcon.colcon_core.shell:Creating environment descriptor '/ros2-webots-demos/simple-robot-sim/install/wall_avoider/share/wall_avoider/hook/pythonpath.dsv'
[2.001s] INFO:colcon.colcon_core.shell:Creating environment hook '/ros2-webots-demos/simple-robot-sim/install/wall_avoider/share/wall_avoider/hook/pythonpath.sh'
[2.002s] Level 1:colcon.colcon_core.environment:checking '/ros2-webots-demos/simple-robot-sim/install/wall_avoider/bin'
[2.002s] Level 1:colcon.colcon_core.environment:create_environment_scripts_only(wall_avoider)
[2.002s] INFO:colcon.colcon_core.shell:Creating package script '/ros2-webots-demos/simple-robot-sim/install/wall_avoider/share/wall_avoider/package.ps1'
[2.004s] INFO:colcon.colcon_core.shell:Creating package descriptor '/ros2-webots-demos/simple-robot-sim/install/wall_avoider/share/wall_avoider/package.dsv'
[2.005s] INFO:colcon.colcon_core.shell:Creating package script '/ros2-webots-demos/simple-robot-sim/install/wall_avoider/share/wall_avoider/package.sh'
[2.006s] INFO:colcon.colcon_core.shell:Creating package script '/ros2-webots-demos/simple-robot-sim/install/wall_avoider/share/wall_avoider/package.bash'
[2.007s] INFO:colcon.colcon_core.shell:Creating package script '/ros2-webots-demos/simple-robot-sim/install/wall_avoider/share/wall_avoider/package.zsh'
[2.008s] Level 1:colcon.colcon_core.environment:create_file_with_runtime_dependencies(/ros2-webots-demos/simple-robot-sim/install/wall_avoider/share/colcon-core/packages/wall_avoider)
[2.009s] DEBUG:colcon.colcon_parallel_executor.executor.parallel:closing loop
[2.009s] DEBUG:colcon.colcon_parallel_executor.executor.parallel:loop closed
[2.010s] DEBUG:colcon.colcon_parallel_executor.executor.parallel:run_until_complete finished with '0'
[2.010s] DEBUG:colcon.colcon_core.event_reactor:joining thread
[2.019s] INFO:colcon.colcon_core.plugin_system:Skipping extension 'colcon_notification.desktop_notification.notify_send': Could not find 'notify-send'
[2.019s] INFO:colcon.colcon_core.plugin_system:Skipping extension 'colcon_notification.desktop_notification.terminal_notifier': Not used on non-Darwin systems
[2.019s] INFO:colcon.colcon_core.plugin_system:Skipping extension 'colcon_notification.desktop_notification.win32': Not used on non-Windows systems
[2.019s] INFO:colcon.colcon_notification.desktop_notification:Sending desktop notification using 'notify2'
[2.022s] DEBUG:colcon.colcon_notification.desktop_notification.notify2:Failed to initialize notify2: org.freedesktop.DBus.Error.NotSupported: Unable to autolaunch a dbus-daemon without a $DISPLAY for X11
[2.022s] DEBUG:colcon.colcon_core.event_reactor:joined thread
[2.023s] INFO:colcon.colcon_core.shell:Creating prefix script '/ros2-webots-demos/simple-robot-sim/install/local_setup.ps1'
[2.025s] INFO:colcon.colcon_core.shell:Creating prefix util module '/ros2-webots-demos/simple-robot-sim/install/_local_setup_util_ps1.py'
[2.027s] INFO:colcon.colcon_core.shell:Creating prefix chain script '/ros2-webots-demos/simple-robot-sim/install/setup.ps1'
[2.029s] INFO:colcon.colcon_core.shell:Creating prefix script '/ros2-webots-demos/simple-robot-sim/install/local_setup.sh'
[2.030s] INFO:colcon.colcon_core.shell:Creating prefix util module '/ros2-webots-demos/simple-robot-sim/install/_local_setup_util_sh.py'
[2.031s] INFO:colcon.colcon_core.shell:Creating prefix chain script '/ros2-webots-demos/simple-robot-sim/install/setup.sh'
[2.033s] INFO:colcon.colcon_core.shell:Creating prefix script '/ros2-webots-demos/simple-robot-sim/install/local_setup.bash'
[2.034s] INFO:colcon.colcon_core.shell:Creating prefix chain script '/ros2-webots-demos/simple-robot-sim/install/setup.bash'
[2.036s] INFO:colcon.colcon_core.shell:Creating prefix script '/ros2-webots-demos/simple-robot-sim/install/local_setup.zsh'
[2.037s] INFO:colcon.colcon_core.shell:Creating prefix chain script '/ros2-webots-demos/simple-robot-sim/install/setup.zsh'
