[1.073s] Invoking command in '/ros2-webots-demos/simple-robot-sim/wall_avoider': PYTHONPATH=/ros2-webots-demos/simple-robot-sim/build/wall_avoider/prefix_override:/usr/lib/python3/dist-packages/colcon_core/task/python/colcon_distutils_commands:/ros2-webots-demos/simple-robot-sim/install/wall_avoider/lib/python3.10/site-packages:${PYTHONPATH} /usr/bin/python3 -W ignore:setup.py install is deprecated -W ignore:easy_install command is deprecated setup.py egg_info --egg-base ../build/wall_avoider build --build-base /ros2-webots-demos/simple-robot-sim/build/wall_avoider/build install --record /ros2-webots-demos/simple-robot-sim/build/wall_avoider/install.log --single-version-externally-managed install_data
[1.485s] running egg_info
[1.486s] writing ../build/wall_avoider/wall_avoider.egg-info/PKG-INFO
[1.487s] writing dependency_links to ../build/wall_avoider/wall_avoider.egg-info/dependency_links.txt
[1.488s] writing entry points to ../build/wall_avoider/wall_avoider.egg-info/entry_points.txt
[1.488s] writing requirements to ../build/wall_avoider/wall_avoider.egg-info/requires.txt
[1.489s] writing top-level names to ../build/wall_avoider/wall_avoider.egg-info/top_level.txt
[1.492s] reading manifest file '../build/wall_avoider/wall_avoider.egg-info/SOURCES.txt'
[1.494s] writing manifest file '../build/wall_avoider/wall_avoider.egg-info/SOURCES.txt'
[1.494s] running build
[1.495s] running build_py
[1.495s] copying wall_avoider/wall_avoider_node.py -> /ros2-webots-demos/simple-robot-sim/build/wall_avoider/build/lib/wall_avoider
[1.497s] running install
[1.497s] running install_lib
[1.499s] copying /ros2-webots-demos/simple-robot-sim/build/wall_avoider/build/lib/wall_avoider/wall_avoider_node.py -> /ros2-webots-demos/simple-robot-sim/install/wall_avoider/lib/python3.10/site-packages/wall_avoider
[1.504s] byte-compiling /ros2-webots-demos/simple-robot-sim/install/wall_avoider/lib/python3.10/site-packages/wall_avoider/wall_avoider_node.py to wall_avoider_node.cpython-310.pyc
[1.507s] running install_data
[1.507s] running install_egg_info
[1.510s] removing '/ros2-webots-demos/simple-robot-sim/install/wall_avoider/lib/python3.10/site-packages/wall_avoider-0.0.0-py3.10.egg-info' (and everything under it)
[1.512s] Copying ../build/wall_avoider/wall_avoider.egg-info to /ros2-webots-demos/simple-robot-sim/install/wall_avoider/lib/python3.10/site-packages/wall_avoider-0.0.0-py3.10.egg-info
[1.522s] running install_scripts
[1.560s] Installing wall_avoider_node script to /ros2-webots-demos/simple-robot-sim/install/wall_avoider/lib/wall_avoider
[1.562s] writing list of installed files to '/ros2-webots-demos/simple-robot-sim/build/wall_avoider/install.log'
[1.591s] Invoked command in '/ros2-webots-demos/simple-robot-sim/wall_avoider' returned '0': PYTHONPATH=/ros2-webots-demos/simple-robot-sim/build/wall_avoider/prefix_override:/usr/lib/python3/dist-packages/colcon_core/task/python/colcon_distutils_commands:/ros2-webots-demos/simple-robot-sim/install/wall_avoider/lib/python3.10/site-packages:${PYTHONPATH} /usr/bin/python3 -W ignore:setup.py install is deprecated -W ignore:easy_install command is deprecated setup.py egg_info --egg-base ../build/wall_avoider build --build-base /ros2-webots-demos/simple-robot-sim/build/wall_avoider/build install --record /ros2-webots-demos/simple-robot-sim/build/wall_avoider/install.log --single-version-externally-managed install_data
